<?xml version="1.0" encoding="UTF-8"?>
<!-- Generated by org.testng.reporters.JUnitReportReporter -->
<testsuite hostname="DESKTOP-QNHQCGN" failures="0" tests="1" name="org.com.runner.TestRunner" time="359.871" errors="0" timestamp="22 Dec 2021 10:04:19 GMT" skipped="0">
  <testcase classname="org.com.runner.TestRunner" name="scenario" time="359.871"/>
</testsuite> <!-- org.com.runner.TestRunner -->
