<?xml version="1.0" encoding="UTF-8"?>
<!-- Generated by org.testng.reporters.JUnitReportReporter -->
<testsuite hostname="DESKTOP-QNHQCGN" failures="0" tests="1" name="org.com.SeleniumPractice.AppTest" time="0.014" errors="0" timestamp="13 Dec 2021 09:38:59 GMT" skipped="0">
  <testcase classname="org.com.SeleniumPractice.AppTest" name="testApp" time="0.014"/>
</testsuite> <!-- org.com.SeleniumPractice.AppTest -->
